running egg_info
creating ../../build/drone_bringup/drone_bringup.egg-info
writing ../../build/drone_bringup/drone_bringup.egg-info/PKG-INFO
writing dependency_links to ../../build/drone_bringup/drone_bringup.egg-info/dependency_links.txt
writing requirements to ../../build/drone_bringup/drone_bringup.egg-info/requires.txt
writing top-level names to ../../build/drone_bringup/drone_bringup.egg-info/top_level.txt
writing manifest file '../../build/drone_bringup/drone_bringup.egg-info/SOURCES.txt'
reading manifest file '../../build/drone_bringup/drone_bringup.egg-info/SOURCES.txt'
writing manifest file '../../build/drone_bringup/drone_bringup.egg-info/SOURCES.txt'
running build
running build_py
creating /home/sean/projects/ML_Quadcopter/ros2_ws/build/drone_bringup/build
creating /home/sean/projects/ML_Quadcopter/ros2_ws/build/drone_bringup/build/lib
creating /home/sean/projects/ML_Quadcopter/ros2_ws/build/drone_bringup/build/lib/drone_bringup
copying drone_bringup/__init__.py -> /home/sean/projects/ML_Quadcopter/ros2_ws/build/drone_bringup/build/lib/drone_bringup
running install
running install_lib
creating /home/sean/projects/ML_Quadcopter/ros2_ws/install/drone_bringup/lib/python3.12/site-packages/drone_bringup
copying /home/sean/projects/ML_Quadcopter/ros2_ws/build/drone_bringup/build/lib/drone_bringup/__init__.py -> /home/sean/projects/ML_Quadcopter/ros2_ws/install/drone_bringup/lib/python3.12/site-packages/drone_bringup
byte-compiling /home/sean/projects/ML_Quadcopter/ros2_ws/install/drone_bringup/lib/python3.12/site-packages/drone_bringup/__init__.py to __init__.cpython-312.pyc
running install_data
creating /home/sean/projects/ML_Quadcopter/ros2_ws/install/drone_bringup/share/ament_index
creating /home/sean/projects/ML_Quadcopter/ros2_ws/install/drone_bringup/share/ament_index/resource_index
creating /home/sean/projects/ML_Quadcopter/ros2_ws/install/drone_bringup/share/ament_index/resource_index/packages
copying resource/drone_bringup -> /home/sean/projects/ML_Quadcopter/ros2_ws/install/drone_bringup/share/ament_index/resource_index/packages
copying package.xml -> /home/sean/projects/ML_Quadcopter/ros2_ws/install/drone_bringup/share/drone_bringup
running install_egg_info
Copying ../../build/drone_bringup/drone_bringup.egg-info to /home/sean/projects/ML_Quadcopter/ros2_ws/install/drone_bringup/lib/python3.12/site-packages/drone_bringup-0.0.0-py3.12.egg-info
running install_scripts
writing list of installed files to '/home/sean/projects/ML_Quadcopter/ros2_ws/build/drone_bringup/install.log'
