running egg_info
writing ../../build/drone_bringup/drone_bringup.egg-info/PKG-INFO
writing dependency_links to ../../build/drone_bringup/drone_bringup.egg-info/dependency_links.txt
writing entry points to ../../build/drone_bringup/drone_bringup.egg-info/entry_points.txt
writing requirements to ../../build/drone_bringup/drone_bringup.egg-info/requires.txt
writing top-level names to ../../build/drone_bringup/drone_bringup.egg-info/top_level.txt
reading manifest file '../../build/drone_bringup/drone_bringup.egg-info/SOURCES.txt'
writing manifest file '../../build/drone_bringup/drone_bringup.egg-info/SOURCES.txt'
running build
running build_py
copying drone_bringup/camera_node.py -> /home/sean/projects/ML_Quadcopter/ros2_ws/build/drone_bringup/build/lib/drone_bringup
running install
running install_lib
copying /home/sean/projects/ML_Quadcopter/ros2_ws/build/drone_bringup/build/lib/drone_bringup/camera_node.py -> /home/sean/projects/ML_Quadcopter/ros2_ws/install/drone_bringup/lib/python3.12/site-packages/drone_bringup
byte-compiling /home/sean/projects/ML_Quadcopter/ros2_ws/install/drone_bringup/lib/python3.12/site-packages/drone_bringup/camera_node.py to camera_node.cpython-312.pyc
running install_data
running install_egg_info
removing '/home/sean/projects/ML_Quadcopter/ros2_ws/install/drone_bringup/lib/python3.12/site-packages/drone_bringup-0.0.0-py3.12.egg-info' (and everything under it)
Copying ../../build/drone_bringup/drone_bringup.egg-info to /home/sean/projects/ML_Quadcopter/ros2_ws/install/drone_bringup/lib/python3.12/site-packages/drone_bringup-0.0.0-py3.12.egg-info
running install_scripts
Installing camera_node script to /home/sean/projects/ML_Quadcopter/ros2_ws/install/drone_bringup/lib/drone_bringup
writing list of installed files to '/home/sean/projects/ML_Quadcopter/ros2_ws/build/drone_bringup/install.log'
