[0.926s] Invoking command in '/home/sean/projects/ML_Quadcopter/ros2_ws/src/drone_bringup': DEBUGINFOD_URLS=https://debuginfod.ubuntu.com PYTHONPATH=/home/sean/projects/ML_Quadcopter/ros2_ws/build/drone_bringup/prefix_override:/usr/lib/python3/dist-packages/colcon_core/task/python/colcon_distutils_commands:/home/sean/projects/ML_Quadcopter/ros2_ws/install/drone_bringup/lib/python3.12/site-packages:${PYTHONPATH} /usr/bin/python3 -W ignore:setup.py install is deprecated -W ignore:easy_install command is deprecated setup.py egg_info --egg-base ../../build/drone_bringup build --build-base /home/sean/projects/ML_Quadcopter/ros2_ws/build/drone_bringup/build install --record /home/sean/projects/ML_Quadcopter/ros2_ws/build/drone_bringup/install.log --single-version-externally-managed install_data
[1.144s] running egg_info
[1.160s] writing ../../build/drone_bringup/drone_bringup.egg-info/PKG-INFO
[1.160s] writing dependency_links to ../../build/drone_bringup/drone_bringup.egg-info/dependency_links.txt
[1.160s] writing entry points to ../../build/drone_bringup/drone_bringup.egg-info/entry_points.txt
[1.160s] writing requirements to ../../build/drone_bringup/drone_bringup.egg-info/requires.txt
[1.161s] writing top-level names to ../../build/drone_bringup/drone_bringup.egg-info/top_level.txt
[1.193s] reading manifest file '../../build/drone_bringup/drone_bringup.egg-info/SOURCES.txt'
[1.193s] writing manifest file '../../build/drone_bringup/drone_bringup.egg-info/SOURCES.txt'
[1.194s] running build
[1.194s] running build_py
[1.194s] copying drone_bringup/camera_node.py -> /home/sean/projects/ML_Quadcopter/ros2_ws/build/drone_bringup/build/lib/drone_bringup
[1.194s] running install
[1.199s] running install_lib
[1.216s] copying /home/sean/projects/ML_Quadcopter/ros2_ws/build/drone_bringup/build/lib/drone_bringup/camera_node.py -> /home/sean/projects/ML_Quadcopter/ros2_ws/install/drone_bringup/lib/python3.12/site-packages/drone_bringup
[1.217s] byte-compiling /home/sean/projects/ML_Quadcopter/ros2_ws/install/drone_bringup/lib/python3.12/site-packages/drone_bringup/camera_node.py to camera_node.cpython-312.pyc
[1.217s] running install_data
[1.217s] running install_egg_info
[1.235s] removing '/home/sean/projects/ML_Quadcopter/ros2_ws/install/drone_bringup/lib/python3.12/site-packages/drone_bringup-0.0.0-py3.12.egg-info' (and everything under it)
[1.235s] Copying ../../build/drone_bringup/drone_bringup.egg-info to /home/sean/projects/ML_Quadcopter/ros2_ws/install/drone_bringup/lib/python3.12/site-packages/drone_bringup-0.0.0-py3.12.egg-info
[1.236s] running install_scripts
[1.351s] Installing camera_node script to /home/sean/projects/ML_Quadcopter/ros2_ws/install/drone_bringup/lib/drone_bringup
[1.351s] writing list of installed files to '/home/sean/projects/ML_Quadcopter/ros2_ws/build/drone_bringup/install.log'
[1.377s] Invoked command in '/home/sean/projects/ML_Quadcopter/ros2_ws/src/drone_bringup' returned '0': DEBUGINFOD_URLS=https://debuginfod.ubuntu.com PYTHONPATH=/home/sean/projects/ML_Quadcopter/ros2_ws/build/drone_bringup/prefix_override:/usr/lib/python3/dist-packages/colcon_core/task/python/colcon_distutils_commands:/home/sean/projects/ML_Quadcopter/ros2_ws/install/drone_bringup/lib/python3.12/site-packages:${PYTHONPATH} /usr/bin/python3 -W ignore:setup.py install is deprecated -W ignore:easy_install command is deprecated setup.py egg_info --egg-base ../../build/drone_bringup build --build-base /home/sean/projects/ML_Quadcopter/ros2_ws/build/drone_bringup/build install --record /home/sean/projects/ML_Quadcopter/ros2_ws/build/drone_bringup/install.log --single-version-externally-managed install_data
